<?xml version="1.0" encoding="UTF-8"?>
<!-- Generated by org.testng.reporters.JUnitReportReporter -->
<testsuite hostname="Saiful" name="importantSelenium.SignIn" tests="1" failures="0" timestamp="22 Nov 2017 06:21:45 GMT" time="21.534" errors="0">
  <testcase name="signInTest" time="21.534" classname="importantSelenium.SignIn"/>
</testsuite> <!-- importantSelenium.SignIn -->
