<?xml version="1.0" encoding="UTF-8"?>
<!-- Generated by org.testng.reporters.JUnitReportReporter -->
<testsuite hostname="Saiful" name="importantSelenium.PopupClose" tests="1" failures="0" timestamp="22 Nov 2017 05:33:29 GMT" time="17.042" errors="0">
  <testcase name="popupClose" time="17.042" classname="importantSelenium.PopupClose"/>
</testsuite> <!-- importantSelenium.PopupClose -->
